build/app/outputs/mapping/release/mapping.txt
# compiler: R8
# compiler_version: 1.5.64
# min_api: 16
# pg_map_id: 421a75e
...
com.google.common.util.concurrent.AbstractFuture$Trusted -> c.b.c.f.a.a$i:
com.google.common.util.concurrent.AbstractFuture$TrustedFuture -> c.b.c.f.a.a$j:
    void addListener(java.lang.Runnable,java.util.concurrent.Executor) -> a
com.google.common.util.concurrent.AbstractFuture$UnsafeAtomicHelper -> c.b.c.f.a.a$k:
    sun.misc.Unsafe UNSAFE -> a
    long WAITER_NEXT_OFFSET -> f
    long WAITER_THREAD_OFFSET -> e
    long LISTENERS_OFFSET -> b
    long VALUE_OFFSET -> d
    long WAITERS_OFFSET -> c
    boolean casListeners(com.google.common.util.concurrent.AbstractFuture,com.google.common.util.concurrent.AbstractFuture$Listener,com.google.common.util.concurrent.AbstractFuture$Listener) -> a
    boolean casValue(com.google.common.util.concurrent.AbstractFuture,java.lang.Object,java.lang.Object) -> a
    boolean casWaiters(com.google.common.util.concurrent.AbstractFuture,com.google.common.util.concurrent.AbstractFuture$Waiter,com.google.common.util.concurrent.AbstractFuture$Waiter) -> a
    void putNext(com.google.common.util.concurrent.AbstractFuture$Waiter,com.google.common.util.concurrent.AbstractFuture$Waiter) -> a
    void putThread(com.google.common.util.concurrent.AbstractFuture$Waiter,java.lang.Thread) -> a
com.google.common.util.concurrent.AbstractFuture$UnsafeAtomicHelper$1 -> c.b.c.f.a.a$k$a:
com.google.common.util.concurrent.AbstractFuture$Waiter -> c.b.c.f.a.a$l:
    java.lang.Thread thread -> a
    com.google.common.util.concurrent.AbstractFuture$Waiter next -> b
    com.google.common.util.concurrent.AbstractFuture$Waiter TOMBSTONE -> c
    void setNext(com.google.common.util.concurrent.AbstractFuture$Waiter) -> a
    void unpark() -> a
com.google.common.util.concurrent.DirectExecutor -> c.b.c.f.a.b:
    com.google.common.util.concurrent.DirectExecutor[] $VALUES -> m
    com.google.common.util.concurrent.DirectExecutor INSTANCE -> l
com.google.common.util.concurrent.ListenableFuture -> c.b.c.f.a.c:
    void addListener(java.lang.Runnable,java.util.concurrent.Executor) -> a
com.google.common.util.concurrent.MoreExecutors -> c.b.c.f.a.d:
    java.util.concurrent.Executor directExecutor() -> a
com.google.common.util.concurrent.SettableFuture -> c.b.c.f.a.e:
    boolean set(java.lang.Object) -> a
    boolean setException(java.lang.Throwable) -> a
    com.google.common.util.concurrent.SettableFuture create() -> g
com.google.common.util.concurrent.ThreadFactoryBuilder -> c.b.c.f.a.f:
    java.lang.Integer priority -> c
    java.lang.Thread$UncaughtExceptionHandler uncaughtExceptionHandler -> d
    java.util.concurrent.ThreadFactory backingThreadFactory -> e
    java.lang.String nameFormat -> a
    java.lang.Boolean daemon -> b
    java.lang.String access$000(java.lang.String,java.lang.Object[]) -> a
    java.util.concurrent.ThreadFactory build() -> a
    java.util.concurrent.ThreadFactory doBuild(com.google.common.util.concurrent.ThreadFactoryBuilder) -> a
    com.google.common.util.concurrent.ThreadFactoryBuilder setDaemon(boolean) -> a
    com.google.common.util.concurrent.ThreadFactoryBuilder setNameFormat(java.lang.String) -> a
    java.lang.String format(java.lang.String,java.lang.Object[]) -> b
com.google.common.util.concurrent.ThreadFactoryBuilder$1 -> c.b.c.f.a.f$a:
    java.lang.String val$nameFormat -> m
    java.util.concurrent.atomic.AtomicLong val$count -> n
    java.lang.Thread$UncaughtExceptionHandler val$uncaughtExceptionHandler -> q
    java.util.concurrent.ThreadFactory val$backingThreadFactory -> l
    java.lang.Boolean val$daemon -> o
    java.lang.Integer val$priority -> p
com.google.common.util.concurrent.internal.InternalFutureFailureAccess -> c.b.c.f.a.g.a:
    java.lang.Throwable tryInternalFastPathGetFailure() -> a
com.google.common.util.concurrent.internal.InternalFutures -> c.b.c.f.a.g.b:
    java.lang.Throwable tryInternalFastPathGetFailure(com.google.common.util.concurrent.internal.InternalFutureFailureAccess) -> a